<?xml version="1.0" encoding="utf-8"?><testsuites name="pytest tests"><testsuite name="pytest" errors="0" failures="0" skipped="0" tests="6" time="4.588" timestamp="2026-06-22T14:09:45.846733+00:00" hostname="agent-env-21bb93dc-3f37-4407-a9bf-23626290619e"><testcase classname="backend.tests.test_receipt_send.TestIntegrationsStatus" name="test_get_integrations_returns_200_and_unconfigured" time="0.586" /><testcase classname="backend.tests.test_receipt_send.TestSendReceiptWhatsApp" name="test_post_send_whatsapp_returns_501_with_missing_keys" time="0.061" /><testcase classname="backend.tests.test_receipt_send.TestSendReceiptEmail" name="test_post_send_email_returns_501_with_missing_keys" time="0.064" /><testcase classname="backend.tests.test_receipt_send.TestSendReceiptEmail" name="test_post_send_invalid_channel_returns_422" time="0.061" /><testcase classname="backend.tests.test_receipt_send.TestStatusRegression" name="test_get_status_works" time="0.151" /><testcase classname="backend.tests.test_receipt_send.TestStatusRegression" name="test_post_status_works_and_persists" time="0.255" /></testsuite></testsuites>